<?xml version="1.0" encoding="UTF-8"?>
<!-- Generated by org.testng.reporters.JUnitXMLReporter -->
<testsuite hostname="HIBAIL56712" name="Test" tests="37" failures="4" timestamp="26 Jul 2017 06:10:43 GMT" time="247.158" errors="0">
  <testcase name="ajaxSubmitPageLaunch" time="0.967" classname="com.automation.testcases.AjaxFormSubmitPageTest"/>
  <testcase name="validatingFieldsData" time="10.137" classname="com.automation.testcases.AjaxFormSubmitPageTest"/>
  <testcase name="submitAjaxForm" time="13.289" classname="com.automation.testcases.AjaxFormSubmitPageTest">
    <failure type="org.openqa.selenium.NoSuchElementException" message="Unable to locate element: //input[@id=&amp;apos;btn-submit&amp;apos; and @value=&amp;apos;submitt&amp;apos;]
For documentation on this error, please visit: http://seleniumhq.org/exceptions/no_such_element.html
Build info: version: &amp;apos;3.4.0&amp;apos;, revision: &amp;apos;unknown&amp;apos;, time: &amp;apos;unknown&amp;apos;
System info: host: &amp;apos;HIBAIL56712&amp;apos;, ip: &amp;apos;10.91.232.71&amp;apos;, os.name: &amp;apos;Windows 7&amp;apos;, os.arch: &amp;apos;amd64&amp;apos;, os.version: &amp;apos;6.1&amp;apos;, java.version: &amp;apos;1.8.0_141&amp;apos;
Driver info: org.openqa.selenium.firefox.FirefoxDriver
Capabilities [{moz:profile=C:\Users\bbanduch\AppData\Local\Temp\rust_mozprofile.hPd7OcVpopxB, rotatable=false, timeouts={implicit=0.0, pageLoad=300000.0, script=30000.0}, pageLoadStrategy=normal, platform=ANY, specificationLevel=0.0, moz:accessibilityChecks=false, acceptInsecureCerts=false, browserVersion=54.0.1, platformVersion=6.1, moz:processID=13604.0, browserName=firefox, javascriptEnabled=true, platformName=windows_nt}]
Session ID: 1a6c4aaa-5eb0-455a-8c5b-b86e0db50400
*** Element info: {Using=xpath, value=//input[@id=&amp;apos;btn-submit&amp;apos; and @value=&amp;apos;submitt&amp;apos;]}">
      <![CDATA[org.openqa.selenium.NoSuchElementException: Unable to locate element: //input[@id='btn-submit' and @value='submitt']
For documentation on this error, please visit: http://seleniumhq.org/exceptions/no_such_element.html
Build info: version: '3.4.0', revision: 'unknown', time: 'unknown'
System info: host: 'HIBAIL56712', ip: '10.91.232.71', os.name: 'Windows 7', os.arch: 'amd64', os.version: '6.1', java.version: '1.8.0_141'
Driver info: org.openqa.selenium.firefox.FirefoxDriver
Capabilities [{moz:profile=C:\Users\bbanduch\AppData\Local\Temp\rust_mozprofile.hPd7OcVpopxB, rotatable=false, timeouts={implicit=0.0, pageLoad=300000.0, script=30000.0}, pageLoadStrategy=normal, platform=ANY, specificationLevel=0.0, moz:accessibilityChecks=false, acceptInsecureCerts=false, browserVersion=54.0.1, platformVersion=6.1, moz:processID=13604.0, browserName=firefox, javascriptEnabled=true, platformName=windows_nt}]
Session ID: 1a6c4aaa-5eb0-455a-8c5b-b86e0db50400
*** Element info: {Using=xpath, value=//input[@id='btn-submit' and @value='submitt']}
	at org.openqa.selenium.remote.http.W3CHttpResponseCodec.createException(W3CHttpResponseCodec.java:150)
	at org.openqa.selenium.remote.http.W3CHttpResponseCodec.decode(W3CHttpResponseCodec.java:115)
	at org.openqa.selenium.remote.http.W3CHttpResponseCodec.decode(W3CHttpResponseCodec.java:45)
	at org.openqa.selenium.remote.HttpCommandExecutor.execute(HttpCommandExecutor.java:164)
	at org.openqa.selenium.remote.service.DriverCommandExecutor.execute(DriverCommandExecutor.java:82)
	at org.openqa.selenium.remote.RemoteWebDriver.execute(RemoteWebDriver.java:637)
	at org.openqa.selenium.remote.RemoteWebDriver.findElement(RemoteWebDriver.java:410)
	at org.openqa.selenium.remote.RemoteWebDriver.findElementByXPath(RemoteWebDriver.java:509)
	at org.openqa.selenium.By$ByXPath.findElement(By.java:361)
	at org.openqa.selenium.remote.RemoteWebDriver.findElement(RemoteWebDriver.java:402)
	at org.openqa.selenium.support.pagefactory.DefaultElementLocator.findElement(DefaultElementLocator.java:69)
	at org.openqa.selenium.support.pagefactory.internal.LocatingElementHandler.invoke(LocatingElementHandler.java:38)
	at com.sun.proxy.$Proxy10.click(Unknown Source)
	at com.automation.pageobjects.AjaxFormSubmitPage.enterAjaxFormDetails(AjaxFormSubmitPage.java:52)
	at com.automation.testcases.AjaxFormSubmitPageTest.submitAjaxForm(AjaxFormSubmitPageTest.java:69)
... Removed 28 stack frames]]>
    </failure>
  </testcase> <!-- submitAjaxForm -->
  <testcase name="verifyBootstrapAlerts" time="16.544" classname="com.automation.testcases.BootstrapAlertsPageTest"/>
  <testcase name="VerifyTodaysDate" time="1.96" classname="com.automation.testcases.BootstrapDatePickerPageTest"/>
  <testcase name="verifyBootstrapCalendar" time="0.909" classname="com.automation.testcases.BootstrapDatePickerPageTest"/>
  <testcase name="verifyDateCleared" time="2.012" classname="com.automation.testcases.BootstrapDatePickerPageTest"/>
  <testcase name="verifyDaysOfWeekIsDisabled" time="1.19" classname="com.automation.testcases.BootstrapDatePickerPageTest"/>
  <testcase name="verifyStartingWeek" time="1.139" classname="com.automation.testcases.BootstrapDatePickerPageTest"/>
  <testcase name="validatingFieldsData" time="10.02" classname="com.automation.testcases.InputFormSubmitPageTest">
    <failure type="org.openqa.selenium.NoSuchElementException" message="Unable to locate element: //div[@class=&amp;apos;col-md-4&amp;apos;]/button[@type=&amp;apos;submitt&amp;apos;]
For documentation on this error, please visit: http://seleniumhq.org/exceptions/no_such_element.html
Build info: version: &amp;apos;3.4.0&amp;apos;, revision: &amp;apos;unknown&amp;apos;, time: &amp;apos;unknown&amp;apos;
System info: host: &amp;apos;HIBAIL56712&amp;apos;, ip: &amp;apos;10.91.232.71&amp;apos;, os.name: &amp;apos;Windows 7&amp;apos;, os.arch: &amp;apos;amd64&amp;apos;, os.version: &amp;apos;6.1&amp;apos;, java.version: &amp;apos;1.8.0_141&amp;apos;
Driver info: org.openqa.selenium.firefox.FirefoxDriver
Capabilities [{moz:profile=C:\Users\bbanduch\AppData\Local\Temp\rust_mozprofile.hPd7OcVpopxB, rotatable=false, timeouts={implicit=0.0, pageLoad=300000.0, script=30000.0}, pageLoadStrategy=normal, platform=ANY, specificationLevel=0.0, moz:accessibilityChecks=false, acceptInsecureCerts=false, browserVersion=54.0.1, platformVersion=6.1, moz:processID=13604.0, browserName=firefox, javascriptEnabled=true, platformName=windows_nt}]
Session ID: 1a6c4aaa-5eb0-455a-8c5b-b86e0db50400
*** Element info: {Using=xpath, value=//div[@class=&amp;apos;col-md-4&amp;apos;]/button[@type=&amp;apos;submitt&amp;apos;]}">
      <![CDATA[org.openqa.selenium.NoSuchElementException: Unable to locate element: //div[@class='col-md-4']/button[@type='submitt']
For documentation on this error, please visit: http://seleniumhq.org/exceptions/no_such_element.html
Build info: version: '3.4.0', revision: 'unknown', time: 'unknown'
System info: host: 'HIBAIL56712', ip: '10.91.232.71', os.name: 'Windows 7', os.arch: 'amd64', os.version: '6.1', java.version: '1.8.0_141'
Driver info: org.openqa.selenium.firefox.FirefoxDriver
Capabilities [{moz:profile=C:\Users\bbanduch\AppData\Local\Temp\rust_mozprofile.hPd7OcVpopxB, rotatable=false, timeouts={implicit=0.0, pageLoad=300000.0, script=30000.0}, pageLoadStrategy=normal, platform=ANY, specificationLevel=0.0, moz:accessibilityChecks=false, acceptInsecureCerts=false, browserVersion=54.0.1, platformVersion=6.1, moz:processID=13604.0, browserName=firefox, javascriptEnabled=true, platformName=windows_nt}]
Session ID: 1a6c4aaa-5eb0-455a-8c5b-b86e0db50400
*** Element info: {Using=xpath, value=//div[@class='col-md-4']/button[@type='submitt']}
	at org.openqa.selenium.remote.http.W3CHttpResponseCodec.createException(W3CHttpResponseCodec.java:150)
	at org.openqa.selenium.remote.http.W3CHttpResponseCodec.decode(W3CHttpResponseCodec.java:115)
	at org.openqa.selenium.remote.http.W3CHttpResponseCodec.decode(W3CHttpResponseCodec.java:45)
	at org.openqa.selenium.remote.HttpCommandExecutor.execute(HttpCommandExecutor.java:164)
	at org.openqa.selenium.remote.service.DriverCommandExecutor.execute(DriverCommandExecutor.java:82)
	at org.openqa.selenium.remote.RemoteWebDriver.execute(RemoteWebDriver.java:637)
	at org.openqa.selenium.remote.RemoteWebDriver.findElement(RemoteWebDriver.java:410)
	at org.openqa.selenium.remote.RemoteWebDriver.findElementByXPath(RemoteWebDriver.java:509)
	at org.openqa.selenium.By$ByXPath.findElement(By.java:361)
	at org.openqa.selenium.remote.RemoteWebDriver.findElement(RemoteWebDriver.java:402)
	at org.openqa.selenium.support.pagefactory.DefaultElementLocator.findElement(DefaultElementLocator.java:69)
	at org.openqa.selenium.support.pagefactory.internal.LocatingElementHandler.invoke(LocatingElementHandler.java:38)
	at com.sun.proxy.$Proxy10.click(Unknown Source)
	at com.automation.pageobjects.InputFormSubmitPage.inputFormSubmitInValidValidations(InputFormSubmitPage.java:138)
	at com.automation.testcases.InputFormSubmitPageTest.validatingFieldsData(InputFormSubmitPageTest.java:58)
... Removed 28 stack frames]]>
    </failure>
  </testcase> <!-- validatingFieldsData -->
  <testcase name="enterInputFormDetails" time="14.361" classname="com.automation.testcases.InputFormSubmitPageTest">
    <failure type="org.openqa.selenium.NoSuchElementException" message="Unable to locate element: //div[@class=&amp;apos;col-md-4&amp;apos;]/button[@type=&amp;apos;submitt&amp;apos;]
For documentation on this error, please visit: http://seleniumhq.org/exceptions/no_such_element.html
Build info: version: &amp;apos;3.4.0&amp;apos;, revision: &amp;apos;unknown&amp;apos;, time: &amp;apos;unknown&amp;apos;
System info: host: &amp;apos;HIBAIL56712&amp;apos;, ip: &amp;apos;10.91.232.71&amp;apos;, os.name: &amp;apos;Windows 7&amp;apos;, os.arch: &amp;apos;amd64&amp;apos;, os.version: &amp;apos;6.1&amp;apos;, java.version: &amp;apos;1.8.0_141&amp;apos;
Driver info: org.openqa.selenium.firefox.FirefoxDriver
Capabilities [{moz:profile=C:\Users\bbanduch\AppData\Local\Temp\rust_mozprofile.hPd7OcVpopxB, rotatable=false, timeouts={implicit=0.0, pageLoad=300000.0, script=30000.0}, pageLoadStrategy=normal, platform=ANY, specificationLevel=0.0, moz:accessibilityChecks=false, acceptInsecureCerts=false, browserVersion=54.0.1, platformVersion=6.1, moz:processID=13604.0, browserName=firefox, javascriptEnabled=true, platformName=windows_nt}]
Session ID: 1a6c4aaa-5eb0-455a-8c5b-b86e0db50400
*** Element info: {Using=xpath, value=//div[@class=&amp;apos;col-md-4&amp;apos;]/button[@type=&amp;apos;submitt&amp;apos;]}">
      <![CDATA[org.openqa.selenium.NoSuchElementException: Unable to locate element: //div[@class='col-md-4']/button[@type='submitt']
For documentation on this error, please visit: http://seleniumhq.org/exceptions/no_such_element.html
Build info: version: '3.4.0', revision: 'unknown', time: 'unknown'
System info: host: 'HIBAIL56712', ip: '10.91.232.71', os.name: 'Windows 7', os.arch: 'amd64', os.version: '6.1', java.version: '1.8.0_141'
Driver info: org.openqa.selenium.firefox.FirefoxDriver
Capabilities [{moz:profile=C:\Users\bbanduch\AppData\Local\Temp\rust_mozprofile.hPd7OcVpopxB, rotatable=false, timeouts={implicit=0.0, pageLoad=300000.0, script=30000.0}, pageLoadStrategy=normal, platform=ANY, specificationLevel=0.0, moz:accessibilityChecks=false, acceptInsecureCerts=false, browserVersion=54.0.1, platformVersion=6.1, moz:processID=13604.0, browserName=firefox, javascriptEnabled=true, platformName=windows_nt}]
Session ID: 1a6c4aaa-5eb0-455a-8c5b-b86e0db50400
*** Element info: {Using=xpath, value=//div[@class='col-md-4']/button[@type='submitt']}
	at org.openqa.selenium.remote.http.W3CHttpResponseCodec.createException(W3CHttpResponseCodec.java:150)
	at org.openqa.selenium.remote.http.W3CHttpResponseCodec.decode(W3CHttpResponseCodec.java:115)
	at org.openqa.selenium.remote.http.W3CHttpResponseCodec.decode(W3CHttpResponseCodec.java:45)
	at org.openqa.selenium.remote.HttpCommandExecutor.execute(HttpCommandExecutor.java:164)
	at org.openqa.selenium.remote.service.DriverCommandExecutor.execute(DriverCommandExecutor.java:82)
	at org.openqa.selenium.remote.RemoteWebDriver.execute(RemoteWebDriver.java:637)
	at org.openqa.selenium.remote.RemoteWebDriver.findElement(RemoteWebDriver.java:410)
	at org.openqa.selenium.remote.RemoteWebDriver.findElementByXPath(RemoteWebDriver.java:509)
	at org.openqa.selenium.By$ByXPath.findElement(By.java:361)
	at org.openqa.selenium.remote.RemoteWebDriver.findElement(RemoteWebDriver.java:402)
	at org.openqa.selenium.support.pagefactory.DefaultElementLocator.findElement(DefaultElementLocator.java:69)
	at org.openqa.selenium.support.pagefactory.internal.LocatingElementHandler.invoke(LocatingElementHandler.java:38)
	at com.sun.proxy.$Proxy10.click(Unknown Source)
	at com.automation.pageobjects.InputFormSubmitPage.enterInputFormDetails(InputFormSubmitPage.java:126)
	at com.automation.testcases.InputFormSubmitPageTest.enterInputFormDetails(InputFormSubmitPageTest.java:66)
... Removed 28 stack frames]]>
    </failure>
  </testcase> <!-- enterInputFormDetails -->
  <testcase name="enterInputFormDetails" time="13.539" classname="com.automation.testcases.InputFormSubmitPageTest">
    <failure type="org.openqa.selenium.NoSuchElementException" message="Unable to locate element: //div[@class=&amp;apos;col-md-4&amp;apos;]/button[@type=&amp;apos;submitt&amp;apos;]
For documentation on this error, please visit: http://seleniumhq.org/exceptions/no_such_element.html
Build info: version: &amp;apos;3.4.0&amp;apos;, revision: &amp;apos;unknown&amp;apos;, time: &amp;apos;unknown&amp;apos;
System info: host: &amp;apos;HIBAIL56712&amp;apos;, ip: &amp;apos;10.91.232.71&amp;apos;, os.name: &amp;apos;Windows 7&amp;apos;, os.arch: &amp;apos;amd64&amp;apos;, os.version: &amp;apos;6.1&amp;apos;, java.version: &amp;apos;1.8.0_141&amp;apos;
Driver info: org.openqa.selenium.firefox.FirefoxDriver
Capabilities [{moz:profile=C:\Users\bbanduch\AppData\Local\Temp\rust_mozprofile.hPd7OcVpopxB, rotatable=false, timeouts={implicit=0.0, pageLoad=300000.0, script=30000.0}, pageLoadStrategy=normal, platform=ANY, specificationLevel=0.0, moz:accessibilityChecks=false, acceptInsecureCerts=false, browserVersion=54.0.1, platformVersion=6.1, moz:processID=13604.0, browserName=firefox, javascriptEnabled=true, platformName=windows_nt}]
Session ID: 1a6c4aaa-5eb0-455a-8c5b-b86e0db50400
*** Element info: {Using=xpath, value=//div[@class=&amp;apos;col-md-4&amp;apos;]/button[@type=&amp;apos;submitt&amp;apos;]}">
      <![CDATA[org.openqa.selenium.NoSuchElementException: Unable to locate element: //div[@class='col-md-4']/button[@type='submitt']
For documentation on this error, please visit: http://seleniumhq.org/exceptions/no_such_element.html
Build info: version: '3.4.0', revision: 'unknown', time: 'unknown'
System info: host: 'HIBAIL56712', ip: '10.91.232.71', os.name: 'Windows 7', os.arch: 'amd64', os.version: '6.1', java.version: '1.8.0_141'
Driver info: org.openqa.selenium.firefox.FirefoxDriver
Capabilities [{moz:profile=C:\Users\bbanduch\AppData\Local\Temp\rust_mozprofile.hPd7OcVpopxB, rotatable=false, timeouts={implicit=0.0, pageLoad=300000.0, script=30000.0}, pageLoadStrategy=normal, platform=ANY, specificationLevel=0.0, moz:accessibilityChecks=false, acceptInsecureCerts=false, browserVersion=54.0.1, platformVersion=6.1, moz:processID=13604.0, browserName=firefox, javascriptEnabled=true, platformName=windows_nt}]
Session ID: 1a6c4aaa-5eb0-455a-8c5b-b86e0db50400
*** Element info: {Using=xpath, value=//div[@class='col-md-4']/button[@type='submitt']}
	at org.openqa.selenium.remote.http.W3CHttpResponseCodec.createException(W3CHttpResponseCodec.java:150)
	at org.openqa.selenium.remote.http.W3CHttpResponseCodec.decode(W3CHttpResponseCodec.java:115)
	at org.openqa.selenium.remote.http.W3CHttpResponseCodec.decode(W3CHttpResponseCodec.java:45)
	at org.openqa.selenium.remote.HttpCommandExecutor.execute(HttpCommandExecutor.java:164)
	at org.openqa.selenium.remote.service.DriverCommandExecutor.execute(DriverCommandExecutor.java:82)
	at org.openqa.selenium.remote.RemoteWebDriver.execute(RemoteWebDriver.java:637)
	at org.openqa.selenium.remote.RemoteWebDriver.findElement(RemoteWebDriver.java:410)
	at org.openqa.selenium.remote.RemoteWebDriver.findElementByXPath(RemoteWebDriver.java:509)
	at org.openqa.selenium.By$ByXPath.findElement(By.java:361)
	at org.openqa.selenium.remote.RemoteWebDriver.findElement(RemoteWebDriver.java:402)
	at org.openqa.selenium.support.pagefactory.DefaultElementLocator.findElement(DefaultElementLocator.java:69)
	at org.openqa.selenium.support.pagefactory.internal.LocatingElementHandler.invoke(LocatingElementHandler.java:38)
	at com.sun.proxy.$Proxy10.click(Unknown Source)
	at com.automation.pageobjects.InputFormSubmitPage.enterInputFormDetails(InputFormSubmitPage.java:126)
	at com.automation.testcases.InputFormSubmitPageTest.enterInputFormDetails(InputFormSubmitPageTest.java:66)
... Removed 28 stack frames]]>
    </failure>
  </testcase> <!-- enterInputFormDetails -->
  <testcase name="verifyJavascriptAlertPage" time="0.88" classname="com.automation.testcases.JavaScriptAlertPageTest"/>
  <testcase name="getAlertMessage" time="5.968" classname="com.automation.testcases.JavaScriptAlertPageTest"/>
  <testcase name="acceptAlertMessage" time="10.833" classname="com.automation.testcases.JavaScriptAlertPageTest"/>
  <testcase name="verifyJQueryCalendar" time="2.536" classname="com.automation.testcases.JQueryDatePickerPageTest"/>
  <testcase name="verifyJQueryCalendarStartAndEndDates" time="3.186" classname="com.automation.testcases.JQueryDatePickerPageTest"/>
  <testcase name="selectMultipleOption" time="13.48" classname="com.automation.testcases.MultipleSelectDropdownListPageTest"/>
  <testcase name="getAllOptionsInlistBox" time="0.967" classname="com.automation.testcases.MultipleSelectDropdownListPageTest"/>
  <testcase name="getAllSelectedOptions" time="12.917" classname="com.automation.testcases.MultipleSelectDropdownListPageTest"/>
  <testcase name="verifyCheckAllButtonCLick" time="1.245" classname="com.automation.testcases.MultiSelectCheckBoxPageTest"/>
  <testcase name="verifyButtonLabel" time="0.897" classname="com.automation.testcases.MultiSelectCheckBoxPageTest"/>
  <testcase name="verifyBUttonLabelAfterDeselectOneOption" time="1.255" classname="com.automation.testcases.MultiSelectCheckBoxPageTest"/>
  <testcase name="verifyAllOptionSelect" time="27.001" classname="com.automation.testcases.MultiSelectCheckBoxPageTest"/>
  <testcase name="DropDownWithTerritoryEnabled" time="2.376" classname="com.automation.testcases.Selenium_Easy_JQuery_DropDownTest"/>
  <testcase name="MultiSelectStates" time="1.325" classname="com.automation.testcases.Selenium_Easy_JQuery_DropDownTest"/>
  <testcase name="ValidateJQuerySelectDropdownPage" time="0.817" classname="com.automation.testcases.Selenium_Easy_JQuery_DropDownTest"/>
  <testcase name="VerifyDropdownWithCategoryRelatedOptions" time="19.623" classname="com.automation.testcases.Selenium_Easy_JQuery_DropDownTest"/>
  <testcase name="VerifySearchAndSelectCountry" time="1.432" classname="com.automation.testcases.Selenium_Easy_JQuery_DropDownTest"/>
  <testcase name="VerifyTerritoryDisabled" time="0.942" classname="com.automation.testcases.Selenium_Easy_JQuery_DropDownTest"/>
  <testcase name="checkSingleSelectCheckbox" time="1.027" classname="com.automation.testcases.SingleCheckBoxPageTest"/>
  <testcase name="verifyCheckboxPage" time="0.947" classname="com.automation.testcases.SingleCheckBoxPageTest"/>
  <testcase name="verifySucessMessage" time="0.944" classname="com.automation.testcases.SingleCheckBoxPageTest"/>
  <testcase name="verifySelectDropdownListDemoPage" time="0.654" classname="com.automation.testcases.SingleSelectDropdownListPageTest"/>
  <testcase name="SelectDay" time="0.96" classname="com.automation.testcases.SingleSelectDropdownListPageTest"/>
  <testcase name="verifySuccessMessage" time="1.014" classname="com.automation.testcases.SingleSelectDropdownListPageTest"/>
  <testcase name="verifyTableDataSearchPage" time="17.185" classname="com.automation.testcases.TableDataSearchPageTest"/>
</testsuite> <!-- Test -->
